{"D:\\Projects\\DataStructures\\src\\main.ts": {"path":"D:\\Projects\\DataStructures\\src\\main.ts","all":true,"statementMap":{"0":{"start":{"line":1,"column":0},"end":{"line":1,"column":68}},"2":{"start":{"line":3,"column":0},"end":{"line":3,"column":20}},"5":{"start":{"line":6,"column":0},"end":{"line":6,"column":48}},"6":{"start":{"line":7,"column":0},"end":{"line":7,"column":15}},"7":{"start":{"line":8,"column":0},"end":{"line":8,"column":15}},"8":{"start":{"line":9,"column":0},"end":{"line":9,"column":16}},"9":{"start":{"line":10,"column":0},"end":{"line":10,"column":18}}},"s":{"0":0,"2":0,"5":0,"6":0,"7":0,"8":0,"9":0},"branchMap":{"0":{"type":"branch","line":1,"loc":{"start":{"line":1,"column":209},"end":{"line":10,"column":18}},"locations":[{"start":{"line":1,"column":209},"end":{"line":10,"column":18}}]}},"b":{"0":[0]},"fnMap":{"0":{"name":"(empty-report)","decl":{"start":{"line":1,"column":209},"end":{"line":10,"column":18}},"loc":{"start":{"line":1,"column":209},"end":{"line":10,"column":18}},"line":1}},"f":{"0":0}}
,"D:\\Projects\\DataStructures\\src\\data_structures\\LinkedList\\LinkedList.ts": {"path":"D:\\Projects\\DataStructures\\src\\data_structures\\LinkedList\\LinkedList.ts","all":false,"statementMap":{"0":{"start":{"line":1,"column":0},"end":{"line":1,"column":46}},"2":{"start":{"line":3,"column":0},"end":{"line":3,"column":21}},"3":{"start":{"line":4,"column":0},"end":{"line":4,"column":42}},"4":{"start":{"line":5,"column":0},"end":{"line":5,"column":42}},"5":{"start":{"line":6,"column":0},"end":{"line":6,"column":24}},"7":{"start":{"line":8,"column":0},"end":{"line":8,"column":81}},"8":{"start":{"line":9,"column":0},"end":{"line":9,"column":33}},"9":{"start":{"line":10,"column":0},"end":{"line":10,"column":33}},"10":{"start":{"line":11,"column":0},"end":{"line":11,"column":22}},"11":{"start":{"line":12,"column":0},"end":{"line":12,"column":5}},"13":{"start":{"line":14,"column":0},"end":{"line":14,"column":37}},"14":{"start":{"line":15,"column":0},"end":{"line":15,"column":55}},"15":{"start":{"line":16,"column":0},"end":{"line":16,"column":53}},"16":{"start":{"line":17,"column":0},"end":{"line":17,"column":34}},"17":{"start":{"line":18,"column":0},"end":{"line":18,"column":38}},"18":{"start":{"line":19,"column":0},"end":{"line":19,"column":24}},"19":{"start":{"line":20,"column":0},"end":{"line":20,"column":9}},"21":{"start":{"line":22,"column":0},"end":{"line":22,"column":77}},"22":{"start":{"line":23,"column":0},"end":{"line":23,"column":34}},"23":{"start":{"line":24,"column":0},"end":{"line":24,"column":20}},"24":{"start":{"line":25,"column":0},"end":{"line":25,"column":5}},"26":{"start":{"line":27,"column":0},"end":{"line":27,"column":23}},"27":{"start":{"line":28,"column":0},"end":{"line":28,"column":55}},"28":{"start":{"line":29,"column":0},"end":{"line":29,"column":53}},"29":{"start":{"line":30,"column":0},"end":{"line":30,"column":34}},"30":{"start":{"line":31,"column":0},"end":{"line":31,"column":38}},"31":{"start":{"line":32,"column":0},"end":{"line":32,"column":24}},"32":{"start":{"line":33,"column":0},"end":{"line":33,"column":9}},"33":{"start":{"line":34,"column":0},"end":{"line":34,"column":50}},"34":{"start":{"line":35,"column":0},"end":{"line":35,"column":30}},"35":{"start":{"line":36,"column":0},"end":{"line":36,"column":30}},"36":{"start":{"line":37,"column":0},"end":{"line":37,"column":25}},"37":{"start":{"line":38,"column":0},"end":{"line":38,"column":34}},"38":{"start":{"line":39,"column":0},"end":{"line":39,"column":20}},"39":{"start":{"line":40,"column":0},"end":{"line":40,"column":5}},"40":{"start":{"line":41,"column":0},"end":{"line":41,"column":1}},"42":{"start":{"line":43,"column":0},"end":{"line":43,"column":26}}},"s":{"0":1,"2":1,"3":1,"4":3,"5":3,"7":1,"8":3,"9":3,"10":3,"11":3,"13":1,"14":3,"15":2,"16":2,"17":2,"18":2,"19":2,"21":1,"22":1,"23":1,"24":3,"26":1,"27":2,"28":1,"29":1,"30":1,"31":1,"32":1,"33":1,"34":1,"35":1,"36":1,"37":1,"38":1,"39":2,"40":1,"42":1},"branchMap":{"0":{"type":"branch","line":4,"loc":{"start":{"line":4,"column":11},"end":{"line":6,"column":24}},"locations":[{"start":{"line":4,"column":11},"end":{"line":6,"column":24}}]},"1":{"type":"branch","line":8,"loc":{"start":{"line":8,"column":4},"end":{"line":12,"column":5}},"locations":[{"start":{"line":8,"column":4},"end":{"line":12,"column":5}}]},"2":{"type":"branch","line":14,"loc":{"start":{"line":14,"column":4},"end":{"line":25,"column":5}},"locations":[{"start":{"line":14,"column":4},"end":{"line":25,"column":5}}]},"3":{"type":"branch","line":15,"loc":{"start":{"line":15,"column":26},"end":{"line":15,"column":54}},"locations":[{"start":{"line":15,"column":26},"end":{"line":15,"column":54}}]},"4":{"type":"branch","line":15,"loc":{"start":{"line":15,"column":54},"end":{"line":20,"column":9}},"locations":[{"start":{"line":15,"column":54},"end":{"line":20,"column":9}}]},"5":{"type":"branch","line":20,"loc":{"start":{"line":20,"column":8},"end":{"line":24,"column":20}},"locations":[{"start":{"line":20,"column":8},"end":{"line":24,"column":20}}]},"6":{"type":"branch","line":27,"loc":{"start":{"line":27,"column":4},"end":{"line":40,"column":5}},"locations":[{"start":{"line":27,"column":4},"end":{"line":40,"column":5}}]},"7":{"type":"branch","line":28,"loc":{"start":{"line":28,"column":26},"end":{"line":28,"column":54}},"locations":[{"start":{"line":28,"column":26},"end":{"line":28,"column":54}}]},"8":{"type":"branch","line":28,"loc":{"start":{"line":28,"column":54},"end":{"line":39,"column":20}},"locations":[{"start":{"line":28,"column":54},"end":{"line":39,"column":20}}]}},"b":{"0":[3],"1":[3],"2":[3],"3":[2],"4":[2],"5":[1],"6":[2],"7":[1],"8":[1]},"fnMap":{"0":{"name":"<instance_members_initializer>","decl":{"start":{"line":4,"column":11},"end":{"line":6,"column":24}},"loc":{"start":{"line":4,"column":11},"end":{"line":6,"column":24}},"line":4},"1":{"name":"LinkedList","decl":{"start":{"line":8,"column":4},"end":{"line":12,"column":5}},"loc":{"start":{"line":8,"column":4},"end":{"line":12,"column":5}},"line":8},"2":{"name":"append","decl":{"start":{"line":14,"column":4},"end":{"line":25,"column":5}},"loc":{"start":{"line":14,"column":4},"end":{"line":25,"column":5}},"line":14},"3":{"name":"prepend","decl":{"start":{"line":27,"column":4},"end":{"line":40,"column":5}},"loc":{"start":{"line":27,"column":4},"end":{"line":40,"column":5}},"line":27}},"f":{"0":3,"1":3,"2":3,"3":2}}
,"D:\\Projects\\DataStructures\\src\\data_structures\\LinkedList\\LinkedListNode.ts": {"path":"D:\\Projects\\DataStructures\\src\\data_structures\\LinkedList\\LinkedListNode.ts","all":false,"statementMap":{"2":{"start":{"line":3,"column":0},"end":{"line":3,"column":25}},"3":{"start":{"line":4,"column":0},"end":{"line":4,"column":20}},"4":{"start":{"line":5,"column":0},"end":{"line":5,"column":42}},"6":{"start":{"line":7,"column":0},"end":{"line":7,"column":27}},"7":{"start":{"line":8,"column":0},"end":{"line":8,"column":27}},"8":{"start":{"line":9,"column":0},"end":{"line":9,"column":25}},"9":{"start":{"line":10,"column":0},"end":{"line":10,"column":5}},"10":{"start":{"line":11,"column":0},"end":{"line":11,"column":1}},"12":{"start":{"line":13,"column":0},"end":{"line":13,"column":30}}},"s":{"2":1,"3":1,"4":5,"6":1,"7":5,"8":5,"9":5,"10":1,"12":1},"branchMap":{"0":{"type":"branch","line":4,"loc":{"start":{"line":4,"column":11},"end":{"line":5,"column":42}},"locations":[{"start":{"line":4,"column":11},"end":{"line":5,"column":42}}]},"1":{"type":"branch","line":7,"loc":{"start":{"line":7,"column":4},"end":{"line":10,"column":5}},"locations":[{"start":{"line":7,"column":4},"end":{"line":10,"column":5}}]}},"b":{"0":[5],"1":[5]},"fnMap":{"0":{"name":"<instance_members_initializer>","decl":{"start":{"line":4,"column":11},"end":{"line":5,"column":42}},"loc":{"start":{"line":4,"column":11},"end":{"line":5,"column":42}},"line":4},"1":{"name":"LinkedListNode","decl":{"start":{"line":7,"column":4},"end":{"line":10,"column":5}},"loc":{"start":{"line":7,"column":4},"end":{"line":10,"column":5}},"line":7}},"f":{"0":5,"1":5}}
,"D:\\Projects\\DataStructures\\src\\data_structures\\LinkedList\\types.ts": {"path":"D:\\Projects\\DataStructures\\src\\data_structures\\LinkedList\\types.ts","all":true,"statementMap":{},"s":{},"branchMap":{"0":{"type":"branch","line":1,"loc":{"start":{"line":1,"column":134},"end":{"line":6,"column":1}},"locations":[{"start":{"line":1,"column":134},"end":{"line":6,"column":1}}]}},"b":{"0":[1]},"fnMap":{"0":{"name":"(empty-report)","decl":{"start":{"line":1,"column":134},"end":{"line":6,"column":1}},"loc":{"start":{"line":1,"column":134},"end":{"line":6,"column":1}},"line":1}},"f":{"0":1}}
}
