TN:
SF:src\main.ts
FN:1,(empty-report)
FNF:1
FNH:0
FNDA:0,(empty-report)
DA:1,0
DA:3,0
DA:6,0
DA:7,0
DA:8,0
DA:9,0
DA:10,0
LF:7
LH:0
BRDA:1,0,0,0
BRF:1
BRH:0
end_of_record
TN:
SF:src\data_structures\LinkedList\LinkedList.ts
FN:4,<instance_members_initializer>
FN:8,LinkedList
FN:14,append
FN:27,prepend
FNF:4
FNH:4
FNDA:3,<instance_members_initializer>
FNDA:3,LinkedList
FNDA:3,append
FNDA:2,prepend
DA:1,1
DA:3,1
DA:4,1
DA:5,3
DA:6,3
DA:8,1
DA:9,3
DA:10,3
DA:11,3
DA:12,3
DA:14,1
DA:15,3
DA:16,2
DA:17,2
DA:18,2
DA:19,2
DA:20,2
DA:22,1
DA:23,1
DA:24,1
DA:25,3
DA:27,1
DA:28,2
DA:29,1
DA:30,1
DA:31,1
DA:32,1
DA:33,1
DA:34,1
DA:35,1
DA:36,1
DA:37,1
DA:38,1
DA:39,1
DA:40,2
DA:41,1
DA:43,1
LF:37
LH:37
BRDA:4,0,0,3
BRDA:8,1,0,3
BRDA:14,2,0,3
BRDA:15,3,0,2
BRDA:15,4,0,2
BRDA:20,5,0,1
BRDA:27,6,0,2
BRDA:28,7,0,1
BRDA:28,8,0,1
BRF:9
BRH:9
end_of_record
TN:
SF:src\data_structures\LinkedList\LinkedListNode.ts
FN:4,<instance_members_initializer>
FN:7,LinkedListNode
FNF:2
FNH:2
FNDA:5,<instance_members_initializer>
FNDA:5,LinkedListNode
DA:3,1
DA:4,1
DA:5,5
DA:7,1
DA:8,5
DA:9,5
DA:10,5
DA:11,1
DA:13,1
LF:9
LH:9
BRDA:4,0,0,5
BRDA:7,1,0,5
BRF:2
BRH:2
end_of_record
TN:
SF:src\data_structures\LinkedList\types.ts
FN:1,(empty-report)
FNF:1
FNH:1
FNDA:1,(empty-report)
LF:0
LH:0
BRDA:1,0,0,1
BRF:1
BRH:1
end_of_record
